/Applications/CLion.app/Contents/bin/cmake/mac/bin/cmake -DCMAKE_BUILD_TYPE=Debug -DCMAKE_MAKE_PROGRAM=/Applications/CLion.app/Contents/bin/ninja/mac/ninja -G Ninja -S "/Users/samirbanjara/Library/Mobile Documents/iCloud~md~obsidian/Documents/iCloud Vault/University/Spring 2023/Cs 240/Assignments/Assignment 2" -B "/Users/samirbanjara/Library/Mobile Documents/iCloud~md~obsidian/Documents/iCloud Vault/University/Spring 2023/Cs 240/Assignments/Assignment 2/cmake-build-debug"
-- The C compiler identification is Clang 14.0.6
-- Detecting C compiler ABI info
-- Detecting C compiler ABI info - failed
-- Check for working C compiler: /opt/anaconda3/bin/x86_64-apple-darwin13.4.0-clang
-- Check for working C compiler: /opt/anaconda3/bin/x86_64-apple-darwin13.4.0-clang - broken
CMake Error at /Applications/CLion.app/Contents/bin/cmake/mac/share/cmake-3.24/Modules/CMakeTestCCompiler.cmake:69 (message):
  The C compiler

    "/opt/anaconda3/bin/x86_64-apple-darwin13.4.0-clang"

  is not able to compile a simple test program.

  It fails with the following output:

    Change Dir: /Users/samirbanjara/Library/Mobile Documents/iCloud~md~obsidian/Documents/iCloud Vault/University/Spring 2023/Cs 240/Assignments/Assignment 2/cmake-build-debug/CMakeFiles/CMakeTmp
    
    Run Build Command(s):/Applications/CLion.app/Contents/bin/ninja/mac/ninja cmTC_1cae3 && [1/2] Building C object CMakeFiles/cmTC_1cae3.dir/testCCompiler.c.o
    [2/2] Linking C executable cmTC_1cae3
    FAILED: cmTC_1cae3 
    : && /opt/anaconda3/bin/x86_64-apple-darwin13.4.0-clang -march=core2 -mtune=haswell -mssse3 -ftree-vectorize -fPIC -fPIE -fstack-protector-strong -O2 -pipe -isystem /opt/anaconda3/include  -isysroot /Library/Developer/CommandLineTools/SDKs/MacOSX.sdk -Wl,-search_paths_first -Wl,-headerpad_max_install_names -Wl,-pie -Wl,-headerpad_max_install_names -Wl,-dead_strip_dylibs -Wl,-rpath,/opt/anaconda3/lib -L/opt/anaconda3/lib CMakeFiles/cmTC_1cae3.dir/testCCompiler.c.o -o cmTC_1cae3   && :
    ld: unsupported tapi file type '!tapi-tbd' in YAML file '/Library/Developer/CommandLineTools/SDKs/MacOSX.sdk/usr/lib/libSystem.tbd' for architecture x86_64
    clang-14: error: linker command failed with exit code 1 (use -v to see invocation)
    ninja: build stopped: subcommand failed.
    
    

  

  CMake will not be able to correctly generate this project.
Call Stack (most recent call first):
  CMakeLists.txt:2 (project)


-- Configuring incomplete, errors occurred!
See also "/Users/samirbanjara/Library/Mobile Documents/iCloud~md~obsidian/Documents/iCloud Vault/University/Spring 2023/Cs 240/Assignments/Assignment 2/cmake-build-debug/CMakeFiles/CMakeOutput.log".
See also "/Users/samirbanjara/Library/Mobile Documents/iCloud~md~obsidian/Documents/iCloud Vault/University/Spring 2023/Cs 240/Assignments/Assignment 2/cmake-build-debug/CMakeFiles/CMakeError.log".
